{
  "stats": {
    "suites": 1,
    "tests": 3,
    "passes": 3,
    "pending": 0,
    "failures": 0,
    "start": "2025-07-20T20:45:54.446Z",
    "end": "2025-07-20T20:46:11.047Z",
    "duration": 16601,
    "testsRegistered": 3,
    "passPercent": 100,
    "pendingPercent": 0,
    "other": 0,
    "hasOther": false,
    "skipped": 0,
    "hasSkipped": false
  },
  "results": [
    {
      "uuid": "ea283510-5c44-46c3-8600-2af673a6ed58",
      "title": "",
      "fullFile": "cypress\\e2e\\tests\\loanCalculatorTest.cy.js",
      "file": "cypress\\e2e\\tests\\loanCalculatorTest.cy.js",
      "beforeHooks": [],
      "afterHooks": [],
      "tests": [],
      "suites": [
        {
          "uuid": "12f8f07f-fecb-413a-87ca-e13282449ce9",
          "title": "Loan calculator",
          "fullFile": "",
          "file": "",
          "beforeHooks": [],
          "afterHooks": [],
          "tests": [
            {
              "title": "Should display calculator modal",
              "fullTitle": "Loan calculator Should display calculator modal",
              "timedOut": null,
              "duration": 4605,
              "state": "passed",
              "speed": "fast",
              "pass": true,
              "fail": false,
              "pending": false,
              "context": null,
              "code": "calculator.getCalculatorModal().should('be.visible');",
              "err": {},
              "uuid": "08d6e89b-cb17-4e7c-98fd-c6ad3e5eeb9f",
              "parentUUID": "12f8f07f-fecb-413a-87ca-e13282449ce9",
              "isHook": false,
              "skipped": false
            },
            {
              "title": "Should display the calculator modal title",
              "fullTitle": "Loan calculator Should display the calculator modal title",
              "timedOut": null,
              "duration": 2684,
              "state": "passed",
              "speed": "fast",
              "pass": true,
              "fail": false,
              "pending": false,
              "context": null,
              "code": "calculator.getCalculatorModalTitle().should('have.length', 1).and('be.visible');",
              "err": {},
              "uuid": "dc490ac7-1954-4b0a-ac8a-315c5fd6d017",
              "parentUUID": "12f8f07f-fecb-413a-87ca-e13282449ce9",
              "isHook": false,
              "skipped": false
            },
            {
              "title": "Should continue to next page",
              "fullTitle": "Loan calculator Should continue to next page",
              "timedOut": null,
              "duration": 3737,
              "state": "passed",
              "speed": "fast",
              "pass": true,
              "fail": false,
              "pending": false,
              "context": null,
              "code": "calculator.fillAmount('10000');\ncalculator.fillPeriod('36');\ncalculator.getMonthlyPayment().should('contain', '242.02');\ncalculator.clickContinue();\ncy.get('.bb-edit-amount__amount').should('contain', '10000');",
              "err": {},
              "uuid": "c36a40f8-eb34-496b-a08a-7247a75446d5",
              "parentUUID": "12f8f07f-fecb-413a-87ca-e13282449ce9",
              "isHook": false,
              "skipped": false
            }
          ],
          "suites": [],
          "passes": [
            "08d6e89b-cb17-4e7c-98fd-c6ad3e5eeb9f",
            "dc490ac7-1954-4b0a-ac8a-315c5fd6d017",
            "c36a40f8-eb34-496b-a08a-7247a75446d5"
          ],
          "failures": [],
          "pending": [],
          "skipped": [],
          "duration": 11026,
          "root": false,
          "rootEmpty": false,
          "_timeout": 2000
        }
      ],
      "passes": [],
      "failures": [],
      "pending": [],
      "skipped": [],
      "duration": 0,
      "root": true,
      "rootEmpty": true,
      "_timeout": 2000
    }
  ],
  "meta": {
    "mocha": {
      "version": "7.2.0"
    },
    "mochawesome": {
      "options": {
        "quiet": false,
        "reportFilename": "mochawesome",
        "saveHtml": true,
        "saveJson": true,
        "consoleReporter": "spec",
        "useInlineDiffs": false,
        "code": true
      },
      "version": "7.1.3"
    },
    "marge": {
      "options": {
        "reportDir": "cypress/reports",
        "overwrite": false,
        "html": true,
        "json": true
      },
      "version": "6.2.0"
    }
  }
}